Zilog eZ80 Macro Assembler Version 4.3 (19073001) RELISTED21-Oct-23     19:23:07     page:   1


PC     Object              I  Line    Source 
                           A     1    ; Zilog eZ80 ANSI C Compiler Release 3.4
                           A     2    ; -nomodsect -optsize -noreduceopt -nopadbranch
                           A     3    ; -peephole -globalopt -localcse -const=ROM 
                           A     4    	FILE	"..\spi.c"
                           A     5    	.assume ADL=1
                           A     6    .DEBUG "C"
                           A     7    	SEGMENT CODE
                           A     8    ;    1	/*
                           A     9    ;    2	 * Title:			AGON MOS - SPI
                           A    10    ;    3	 * Author:			Cocoacrumbs
                           A    11    ;    4	 * Modified by:		Dean Belfield
                           A    12    ;    5	 * Created:			19/06/2022
                           A    13    ;    6	 * Last Updated:	11/07/2022
                           A    14    ;    7	 * 
                           A    15    ;    8	 * Thank you to @CoCoaCrumbs fo this co
                           A    16    ;    9	 *
                           A    17    ;   10	 * Modinfo:
                           A    18    ;   11	 * 11/07/2022:		Now includes define
                           A    19    ;   12	 */
                           A    20    ;   13	
                           A    21    ;   14	#include <ez80.h>
                           A    22    ;   15	#include <defines.h>
                           A    23    ;   16	
                           A    24    ;   17	#include "spi.h"
                           A    25    ;   18	#include "timer.h"
                           A    26    ;   19	
                           A    27    ;   20	// Delays, SPI and SD card retry consta
                           A    28    ;   21	//
                           A    29    ;   22	#define WAIT4RESET  8000
                           A    30    ;   23	#define SPIRETRY    1000
                           A    31    ;   24	
                           A    32    ;   25	#define SD_CS       4	// PB4, was PB0
                           A    33    ;   26	
                           A    34    ;   27	#define SPI_MOSI    7   // PB7
                           A    35    ;   28	#define SPI_MISO    6   // PB6
                           A    36    ;   29	#define SPI_CLK     3   // PB3
                           A    37    ;   30	
                           A    38    ;   31	
                           A    39    ;   32	// Clear, set bits in registers
                           A    40    ;   33	//
                           A    41    ;   34	#define BIT(n)              (1 << n)
                           A    42    ;   35	#define CLEAR_BIT(reg, n)   (reg &= ~(1
                           A    43    ;   36	#define SET_BIT(reg, n)     (reg |=  (1
                           A    44    ;   37	
                           A    45    ;   38	void SD_CS_enable() {
043E72                     A    46    _SD_CS_enable:
                           A    47    .DEFINE "_SD_CS_enable"
                           A    48    
                           A    49    .VALUE _SD_CS_enable
                           A    50    
                           A    51    .CLASS 2
                           A    52    
                           A    53    .TYPE 65
                           A    54    
                           A    55    .ENDEF
                           A    56    
                           A    57    .BEGFUNC "SD_CS_enable",38,"_SD_CS_enable"
                           A    58    
043E72 DDE5                A    59    	PUSH	IX
043E74 DD210000 00         A    60    	LD	IX,0
043E79 DD39                A    61    	ADD	IX,SP
                           A    62    ;   39	     PB_DR &= ~BIT(SD_CS);
                           A    63    .LINE 39
                           A    64    
043E7B ED389A              A    65    	IN0	A,(154)
043E7E CBA7                A    66    	RES	%4,A
043E80 ED399A              A    67    	OUT0	(154),A
                           A    68    ;   40	} 
                           A    69    .LINE 40
                           A    70    
043E83 DDF9                A    71    	LD	SP,IX
043E85 DDE1                A    72    	POP	IX
043E87 C9                  A    73    	RET	
                           A    74    
                           A    75    
                           A    76    ;**************************** _SD_CS_enable ***
                           A    77    ;Name                         Addr/Register   S
                           A    78    
                           A    79    
                           A    80    ; Stack Frame Size: 6 (bytes)
                           A    81    ;       Spill Code: 0 (instruction)
                           A    82    
                           A    83    
                           A    84    .ENDFUNC "SD_CS_enable",40,"_SD_CS_enable"
                           A    85    ;   41	
                           A    86    ;   42	void SD_CS_disable() {
043E88                     A    87    _SD_CS_disable:
                           A    88    .DEFINE "_SD_CS_disable"
                           A    89    
                           A    90    .VALUE _SD_CS_disable
                           A    91    
                           A    92    .CLASS 2
                           A    93    
                           A    94    .TYPE 65
                           A    95    
                           A    96    .ENDEF
                           A    97    
                           A    98    .BEGFUNC "SD_CS_disable",42,"_SD_CS_disable"
                           A    99    
043E88 DDE5                A   100    	PUSH	IX
043E8A DD210000 00         A   101    	LD	IX,0
043E8F DD39                A   102    	ADD	IX,SP
                           A   103    ;   43	     PB_DR |= BIT(SD_CS); 
                           A   104    .LINE 43
                           A   105    
043E91 ED389A              A   106    	IN0	A,(154)
043E94 CBE7                A   107    	SET	%4,A
043E96 ED399A              A   108    	OUT0	(154),A
                           A   109    ;   44	} 
                           A   110    .LINE 44
                           A   111    
043E99 DDF9                A   112    	LD	SP,IX
043E9B DDE1                A   113    	POP	IX
043E9D C9                  A   114    	RET	
                           A   115    
                           A   116    
                           A   117    ;**************************** _SD_CS_disable **
                           A   118    ;Name                         Addr/Register   S
                           A   119    
                           A   120    
                           A   121    ; Stack Frame Size: 6 (bytes)
                           A   122    ;       Spill Code: 0 (instruction)
                           A   123    
                           A   124    
                           A   125    .ENDFUNC "SD_CS_disable",44,"_SD_CS_disable"
                           A   126    ;   45	
                           A   127    ;   46	BYTE spi_transfer(BYTE d) {
043E9E                     A   128    _spi_transfer:
                           A   129    .DEFINE "_spi_transfer"
                           A   130    
                           A   131    .VALUE _spi_transfer
                           A   132    
                           A   133    .CLASS 2
                           A   134    
                           A   135    .TYPE 76
                           A   136    
                           A   137    .ENDEF
                           A   138    
                           A   139    .BEGFUNC "spi_transfer",46,"_spi_transfer"
                           A   140    
                           A   141    .LINE 46
                           A   142    
                           A   143    .DEFINE "d"
                           A   144    
                           A   145    .CLASS 65
                           A   146    
                           A   147    .VALUE 6
                           A   148    
                           A   149    .TYPE 12
                           A   150    
                           A   151    .ENDEF
                           A   152    
                           A   153    .DEFINE "i"
                           A   154    
                           A   155    .CLASS 65
                           A   156    
                           A   157    .VALUE -3
                           A   158    
                           A   159    .TYPE 4
                           A   160    
                           A   161    .ENDEF
                           A   162    
043E9E DDE5                A   163    	PUSH	IX
043EA0 DD210000 00         A   164    	LD	IX,0
043EA5 DD39                A   165    	ADD	IX,SP
043EA7 C5                  A   166    	PUSH	BC
                           A   167    ;   47	    int i = 0;
                           A   168    .LINE 47
                           A   169    
043EA8 01000000            A   170    	LD	BC,0
043EAC DD0FFD              A   171    	LD	(IX+%FFFFFFFD),BC
                           A   172    ;   48	
                           A   173    ;   49	    // Write the data to exchange 
                           A   174    ;   50		//
                           A   175    ;   51	    SPI_TSR = d;
                           A   176    .LINE 51
                           A   177    
043EAF DD7E06              A   178    	LD	A,(IX+%6)
043EB2 ED39BC              A   179    	OUT0	(188),A
                           A   180    ;   52	    do {
043EB5                     A   181    L_5:
                           A   182    .LINE 52
                           A   183    
                           A   184    ;   53	        if (SPI_SR & (1 << 7))  {
                           A   185    .LINE 53
                           A   186    
043EB5 ED38BB              A   187    	IN0	A,(187)
043EB8 E680                A   188    	AND	A,%80
043EBA 20 15               A   189    	JR	NZ,L_7
                           A   190    ;   54	            break;
                           A   191    ;   55	        } 
                           A   192    ;   56	        i++;
                           A   193    .LINE 56
                           A   194    
043EBC DD07FD              A   195    	LD	BC,(IX+%FFFFFFFD)
043EBF 03                  A   196    	INC	BC
043EC0 DD0FFD              A   197    	LD	(IX+%FFFFFFFD),BC
                           A   198    ;   57	    } while (i < SPIRETRY);
                           A   199    .LINE 57
                           A   200    
043EC3 01E80300            A   201    	LD	BC,1000
043EC7 DD27FD              A   202    	LD	HL,(IX+%FFFFFFFD)
043ECA B7                  A   203    	OR	A,A
043ECB ED42                A   204    	SBC	HL,BC
043ECD FA B5 3E 04         A   205    	JP	M,L_5
043ED1                     A   206    L_7:
                           A   207    ;   58	    return SPI_RBR;
                           A   208    .LINE 58
                           A   209    
043ED1 ED38BC              A   210    	IN0	A,(188)
                           A   211    ;   59	} 
                           A   212    .LINE 59
                           A   213    
043ED4 DDF9                A   214    	LD	SP,IX
043ED6 DDE1                A   215    	POP	IX
043ED8 C9                  A   216    	RET	
                           A   217    
                           A   218    
                           A   219    ;**************************** _spi_transfer ***
                           A   220    ;Name                         Addr/Register   S
                           A   221    ;i                                     IX-3    
                           A   222    ;d                                     IX+6    
                           A   223    
                           A   224    
                           A   225    ; Stack Frame Size: 12 (bytes)
                           A   226    ;       Spill Code: 0 (instruction)
                           A   227    
                           A   228    
                           A   229    .ENDFUNC "spi_transfer",59,"_spi_transfer"
                           A   230    ;   60	
                           A   231    ;   61	
                           A   232    ;   62	// Reset system devices
                           A   233    ;   63	void init_spi() {
043ED9                     A   234    _init_spi:
                           A   235    .DEFINE "_init_spi"
                           A   236    
                           A   237    .VALUE _init_spi
                           A   238    
                           A   239    .CLASS 2
                           A   240    
                           A   241    .TYPE 65
                           A   242    
                           A   243    .ENDEF
                           A   244    
                           A   245    .BEGFUNC "init_spi",63,"_init_spi"
                           A   246    
                           A   247    .LINE 63
                           A   248    
                           A   249    .DEFINE "i"
                           A   250    
                           A   251    .CLASS 65
                           A   252    
                           A   253    .VALUE -4
                           A   254    
                           A   255    .TYPE 5
                           A   256    
                           A   257    .ENDEF
                           A   258    
043ED9 DDE5                A   259    	PUSH	IX
043EDB DD210000 00         A   260    	LD	IX,0
043EE0 DD39                A   261    	ADD	IX,SP
043EE2 C5                  A   262    	PUSH	BC
043EE3 3B                  A   263    	DEC	SP
                           A   264    ;   64	    long i;
                           A   265    ;   65	
                           A   266    ;   66	    // SS must remain high for SPI to w
                           A   267    ;   67		//
                           A   268    ;   68	    PB_DR   |=  BIT(2);
                           A   269    .LINE 68
                           A   270    
043EE4 ED389A              A   271    	IN0	A,(154)
043EE7 CBD7                A   272    	SET	%2,A
043EE9 ED399A              A   273    	OUT0	(154),A
                           A   274    ;   69	    PB_ALT1 &= ~BIT(2);
                           A   275    .LINE 69
                           A   276    
043EEC ED389C              A   277    	IN0	A,(156)
043EEF CB97                A   278    	RES	%2,A
043EF1 ED399C              A   279    	OUT0	(156),A
                           A   280    ;   70	    PB_ALT2 &= ~BIT(2);
                           A   281    .LINE 70
                           A   282    
043EF4 ED389D              A   283    	IN0	A,(157)
043EF7 CB97                A   284    	RES	%2,A
043EF9 ED399D              A   285    	OUT0	(157),A
                           A   286    ;   71	    PB_DDR  &= ~BIT(2);
                           A   287    .LINE 71
                           A   288    
043EFC ED389B              A   289    	IN0	A,(155)
043EFF CB97                A   290    	RES	%2,A
043F01 ED399B              A   291    	OUT0	(155),A
                           A   292    ;   72	
                           A   293    ;   73	    // Enable the chip select outputs a
                           A   294    ;   74		//
                           A   295    ;   75	    PB_DR   |=  BIT(SD_CS);
                           A   296    .LINE 75
                           A   297    
043F04 ED389A              A   298    	IN0	A,(154)
043F07 CBE7                A   299    	SET	%4,A
043F09 ED399A              A   300    	OUT0	(154),A
                           A   301    ;   76	    PB_ALT1 &= ~BIT(SD_CS);
                           A   302    .LINE 76
                           A   303    
043F0C ED389C              A   304    	IN0	A,(156)
043F0F CBA7                A   305    	RES	%4,A
043F11 ED399C              A   306    	OUT0	(156),A
                           A   307    ;   77	    PB_ALT2 &= ~BIT(SD_CS);
                           A   308    .LINE 77
                           A   309    
043F14 ED389D              A   310    	IN0	A,(157)
043F17 CBA7                A   311    	RES	%4,A
043F19 ED399D              A   312    	OUT0	(157),A
                           A   313    ;   78	    PB_DDR  &= ~BIT(SD_CS);
                           A   314    .LINE 78
                           A   315    
043F1C ED389B              A   316    	IN0	A,(155)
043F1F CBA7                A   317    	RES	%4,A
043F21 ED399B              A   318    	OUT0	(155),A
                           A   319    ;   79		
                           A   320    ;   80	    // Set port B pins 7 (MOSI), 6 (MIS
                           A   321    ;   81		//
                           A   322    ;   82	    PB_ALT1 &= ~(BIT(SPI_MOSI) | BIT(SP
                           A   323    .LINE 82
                           A   324    
043F24 ED389C              A   325    	IN0	A,(156)
043F27 E637                A   326    	AND	A,%37
043F29 ED399C              A   327    	OUT0	(156),A
                           A   328    ;   83	    PB_ALT2 |=  (BIT(SPI_MOSI) | BIT(SP
                           A   329    .LINE 83
                           A   330    
043F2C ED389D              A   331    	IN0	A,(157)
043F2F F6C8                A   332    	OR	A,%C8
043F31 ED399D              A   333    	OUT0	(157),A
                           A   334    ;   84		
                           A   335    ;   85	    mode_spi(4);
                           A   336    .LINE 85
                           A   337    
043F34 01040000            A   338    	LD	BC,4
043F38 C5                  A   339    	PUSH	BC
043F39 CD 79 3F 04         A   340    	CALL	_mode_spi
043F3D C1                  A   341    	POP	BC
                           A   342    ;   86	
                           A   343    ;   87	    i = 0;
                           A   344    .LINE 87
                           A   345    
043F3E 01000000            A   346    	LD	BC,0
043F42 AF                  A   347    	XOR	A,A
043F43 DD0FFC              A   348    	LD	(IX+%FFFFFFFC),BC
043F46 DD77FF              A   349    	LD	(IX+%FFFFFFFF),A
                           A   350    ;   88	    while (i < WAIT4RESET)
                           A   351    .LINE 88
                           A   352    
043F49 18 12               A   353    	JR	L_10
043F4B                     A   354    L_11:
                           A   355    ;   89	        i++;
                           A   356    .LINE 89
                           A   357    
043F4B DD27FC              A   358    	LD	HL,(IX+%FFFFFFFC)
043F4E DD5EFF              A   359    	LD	E,(IX+%FFFFFFFF)
043F51 3E01                A   360    	LD	A,%1
043F53 CD D3 42 04         A   361    	CALL	__ladd_b
043F57 DD2FFC              A   362    	LD	(IX+%FFFFFFFC),HL
043F5A DD73FF              A   363    	LD	(IX+%FFFFFFFF),E
043F5D                     A   364    L_10:
043F5D DD27FC              A   365    	LD	HL,(IX+%FFFFFFFC)
043F60 DD5EFF              A   366    	LD	E,(IX+%FFFFFFFF)
043F63 01401F00            A   367    	LD	BC,8000
043F67 AF                  A   368    	XOR	A,A
043F68 CD D4 45 04         A   369    	CALL	__lcmps
043F6C CD E8 42 04         A   370    	CALL	__setflag
043F70 FA 4B 3F 04         A   371    	JP	M,L_11
                           A   372    ;   90	} 
                           A   373    .LINE 90
                           A   374    
043F74 DDF9                A   375    	LD	SP,IX
043F76 DDE1                A   376    	POP	IX
043F78 C9                  A   377    	RET	
                           A   378    
                           A   379    
                           A   380    ;**************************** _init_spi *******
                           A   381    ;Name                         Addr/Register   S
                           A   382    ;_mode_spi                           IMPORT  --
                           A   383    ;i                                     IX-4    
                           A   384    
                           A   385    
                           A   386    ; Stack Frame Size: 10 (bytes)
                           A   387    ;       Spill Code: 0 (instruction)
                           A   388    
                           A   389    
                           A   390    .ENDFUNC "init_spi",90,"_init_spi"
                           A   391    ;   91	
                           A   392    ;   92	
                           A   393    ;   93	void mode_spi(int d) {
043F79                     A   394    _mode_spi:
                           A   395    .DEFINE "_mode_spi"
                           A   396    
                           A   397    .VALUE _mode_spi
                           A   398    
                           A   399    .CLASS 2
                           A   400    
                           A   401    .TYPE 65
                           A   402    
                           A   403    .ENDEF
                           A   404    
                           A   405    .BEGFUNC "mode_spi",93,"_mode_spi"
                           A   406    
                           A   407    .LINE 93
                           A   408    
                           A   409    .DEFINE "d"
                           A   410    
                           A   411    .CLASS 65
                           A   412    
                           A   413    .VALUE 6
                           A   414    
                           A   415    .TYPE 4
                           A   416    
                           A   417    .ENDEF
                           A   418    
043F79 DDE5                A   419    	PUSH	IX
043F7B DD210000 00         A   420    	LD	IX,0
043F80 DD39                A   421    	ADD	IX,SP
                           A   422    ;   94	    // Disable SPI
                           A   423    ;   95		//
                           A   424    ;   96	    SPI_CTL = 0;
                           A   425    .LINE 96
                           A   426    
043F82 AF                  A   427    	XOR	A,A
043F83 ED39BA              A   428    	OUT0	(186),A
                           A   429    ;   97	
                           A   430    ;   98	    // SPI Data Rate (bps) = System Clo
                           A   431    ;   99		//
                           A   432    ;  100	    SPI_BRG_H = d / 256;
                           A   433    .LINE 100
                           A   434    
043F86 01000100            A   435    	LD	BC,256
043F8A DD2706              A   436    	LD	HL,(IX+%6)
043F8D CD 6F 45 04         A   437    	CALL	__idivs
043F91 7D                  A   438    	LD	A,L
043F92 ED39B9              A   439    	OUT0	(185),A
                           A   440    ;  101	    SPI_BRG_L = d % 256;
                           A   441    .LINE 101
                           A   442    
043F95 01000100            A   443    	LD	BC,256
043F99 DD2706              A   444    	LD	HL,(IX+%6)
043F9C CD F7 42 04         A   445    	CALL	__irems
043FA0 7D                  A   446    	LD	A,L
043FA1 ED39B8              A   447    	OUT0	(184),A
                           A   448    ;  102	
                           A   449    ;  103	    // Enable SPI
                           A   450    ;  104		//
                           A   451    ;  105	    SPI_CTL = 0x30;         // [5] SPI 
                           A   452    .LINE 105
                           A   453    
043FA4 3E30                A   454    	LD	A,%30
043FA6 ED39BA              A   455    	OUT0	(186),A
                           A   456    ;  106	                            // [4] When
                           A   457    ;  107	} 
                           A   458    .LINE 107
                           A   459    
043FA9 DDF9                A   460    	LD	SP,IX
043FAB DDE1                A   461    	POP	IX
043FAD C9                  A   462    	RET	
                           A   463    
                           A   464    
                           A   465    ;**************************** _mode_spi *******
                           A   466    ;Name                         Addr/Register   S
                           A   467    ;d                                     IX+6    
                           A   468    
                           A   469    
                           A   470    ; Stack Frame Size: 9 (bytes)
                           A   471    ;       Spill Code: 0 (instruction)
                           A   472    
                           A   473    
                           A   474    .ENDFUNC "mode_spi",107,"_mode_spi"
                           A   475    	XREF __lcmps:ROM
                           A   476    	XREF __idivs:ROM
                           A   477    	XREF __irems:ROM
                           A   478    	XREF __setflag:ROM
                           A   479    	XREF __ladd_b:ROM
                           A   480    	XDEF _mode_spi
                           A   481    	XDEF _init_spi
                           A   482    	XDEF _spi_transfer
                           A   483    	XDEF _SD_CS_disable
                           A   484    	XDEF _SD_CS_enable
                           A   485    	END


Errors: 0
Warnings: 0
Lines Assembled: 486
